[20:53:55] [ServerMain/INFO]: Environment: authHost='https://authserver.mojang.com', accountsHost='https://api.mojang.com', sessionHost='https://sessionserver.mojang.com', servicesHost='https://api.minecraftservices.com', name='PROD'
[20:53:58] [Worker-Main-2/INFO]: Loaded 7 recipes
[20:54:01] [Server thread/INFO]: Starting minecraft server version 1.18.2
[20:54:02] [Server thread/INFO]: Loading properties
[20:54:02] [Server thread/INFO]: This server is running Paper version git-Paper-252 (MC: 1.18.2) (Implementing API version 1.18.2-R0.1-SNAPSHOT) (Git: 2d3e8f7)
[20:54:02] [Server thread/INFO]: Server Ping Player Sample Count: 12
[20:54:02] [Server thread/INFO]: Using 4 threads for Netty based IO
[20:54:02] [Server thread/INFO]: Default game type: SURVIVAL
[20:54:02] [Server thread/INFO]: Generating keypair
[20:54:03] [Server thread/INFO]: Starting Minecraft server on *:25565
[20:54:03] [Server thread/INFO]: Using default channel type
[20:54:03] [Server thread/INFO]: Paper: Using Java 11 compression from Velocity.
[20:54:03] [Server thread/INFO]: Paper: Using Java cipher from Velocity.
[20:54:10] [Server thread/INFO]: [LobbyAPI] Loading LobbyAPI v3.7.104
[20:54:10] [Server thread/INFO]: [ViaVersion] Loading ViaVersion v4.2.1
[20:54:10] [Server thread/INFO]: [ViaVersion] ViaVersion 4.2.1 is now loaded, injecting!
[20:54:12] [Via-Mappingloader-1/INFO]: [ViaVersion] Loading 1.13 -> 1.13.2 mappings...
[20:54:13] [Via-Mappingloader-0/INFO]: [ViaVersion] Loading 1.12 -> 1.13 mappings...
[20:54:13] [Via-Mappingloader-2/INFO]: [ViaVersion] Loading 1.13.2 -> 1.14 mappings...
[20:54:13] [Via-Mappingloader-0/INFO]: [ViaVersion] Loading block connection mappings ...
[20:54:13] [Via-Mappingloader-1/INFO]: [ViaVersion] Loading 1.16 -> 1.16.2 mappings...
[20:54:13] [Via-Mappingloader-3/INFO]: [ViaVersion] Loading 1.14 -> 1.15 mappings...
[20:54:13] [Via-Mappingloader-4/INFO]: [ViaVersion] Loading 1.15 -> 1.16 mappings...
[20:54:13] [Via-Mappingloader-5/INFO]: [ViaVersion] Loading 1.16.2 -> 1.17 mappings...
[20:54:13] [Via-Mappingloader-2/INFO]: [ViaVersion] Loading 1.17 -> 1.18 mappings...
[20:54:13] [Server thread/INFO]: [Essentials] Loading Essentials v2.19.4-dev+3-997fb18
[20:54:13] [Server thread/INFO]: [ViaBackwards] Loading ViaBackwards v4.2.0
[20:54:14] [Server thread/INFO]: [ViaBackwards] Loading translations...
[20:54:14] [Via-Mappingloader-5/INFO]: [ViaBackwards] Loading 1.10 -> 1.9.4 mappings...
[20:54:14] [Via-Mappingloader-3/INFO]: [ViaBackwards] Loading 1.11 -> 1.10 mappings...
[20:54:14] [Via-Mappingloader-3/INFO]: [ViaBackwards] Loading 1.12 -> 1.11 mappings...
[20:54:15] [Via-Mappingloader-3/INFO]: [ViaBackwards] Loading 1.13.2 -> 1.13 mappings...
[20:54:15] [Via-Mappingloader-3/INFO]: [ViaBackwards] Loading 1.14 -> 1.13.2 mappings...
[20:54:15] [Via-Mappingloader-2/INFO]: [ViaBackwards] Loading 1.15 -> 1.14 mappings...
[20:54:15] [Via-Mappingloader-5/INFO]: [ViaBackwards] Loading 1.16 -> 1.15 mappings...
[20:54:15] [Via-Mappingloader-1/INFO]: [ViaBackwards] Loading 1.16.2 -> 1.16 mappings...
[20:54:15] [Via-Mappingloader-4/INFO]: [ViaBackwards] Loading 1.17 -> 1.16.2 mappings...
[20:54:16] [Server thread/INFO]: [EssentialsGeoIP] Loading EssentialsGeoIP v2.19.4-dev+3-997fb18
[20:54:16] [Server thread/INFO]: [Multiverse-Core] Loading Multiverse-Core v4.3.1-b861
[20:54:16] [Via-Mappingloader-6/INFO]: [ViaBackwards] Loading 1.18 -> 1.17 mappings...
[20:54:16] [Server thread/INFO]: [MiniMOTD] Loading MiniMOTD v2.0.5
[20:54:16] [Server thread/INFO]: [ViaRewind] Loading ViaRewind v2.0.2
[20:54:16] [Server thread/INFO]: [SkinsRestorer] Loading SkinsRestorer v14.1.13
[20:54:16] [Server thread/INFO]: [Geyser-Spigot] Loading Geyser-Spigot v2.0.2-SNAPSHOT
[20:54:16] [Server thread/INFO]: Server permissions file permissions.yml is empty, ignoring it
[20:54:16] [Server thread/INFO]: [ViaRewind] Enabling ViaRewind v2.0.2
[20:54:16] [Via-Mappingloader-7/INFO]: [ViaBackwards] Loading 1.13 -> 1.12 mappings...
[20:54:17] [Server thread/WARN]: **** SERVER IS RUNNING IN OFFLINE/INSECURE MODE!
[20:54:17] [Server thread/WARN]: The server will make no attempt to authenticate usernames. Beware.
[20:54:17] [Server thread/WARN]: While this makes the game possible to play without internet access, it also opens up the ability for hackers to connect with any username they choose.
[20:54:17] [Server thread/WARN]: To change this, set "online-mode" to "true" in the server.properties file.
[20:54:17] [Server thread/INFO]: Preparing level "world"
[20:54:21] [Server thread/INFO]: Preparing start region for dimension minecraft:overworld
[20:54:22] [Server thread/INFO]: Time elapsed: 865 ms
[20:54:22] [Server thread/INFO]: Preparing start region for dimension minecraft:the_nether
[20:54:22] [Server thread/INFO]: Time elapsed: 420 ms
[20:54:22] [Server thread/INFO]: Preparing start region for dimension minecraft:the_end
[20:54:23] [Server thread/INFO]: Time elapsed: 365 ms
[20:54:23] [Server thread/INFO]: [LobbyAPI] Enabling LobbyAPI v3.7.104
[20:54:26] [Server thread/INFO]: Found a new version v1.0.52 downloading now!!
[20:54:26] [Server thread/INFO]: [LobbyAPI]Bungee For LobbyAPI is disabled
[20:54:26] [Server thread/ERROR]: Error occurred while enabling LobbyAPI v3.7.104 (Is it up to date?)
java.lang.NoClassDefFoundError: org/bukkit/craftbukkit/libs/org/apache/commons/io/IOUtils
	at me.zombie_striker.lobbyapi.utils.SpiGetUpdater.getLastUpdate(SpiGetUpdater.java:62) ~[LobbyAPI.jar:?]
	at me.zombie_striker.lobbyapi.utils.SpiGetUpdater.checkAutoUpdate(SpiGetUpdater.java:31) ~[LobbyAPI.jar:?]
	at me.zombie_striker.lobbyapi.utils.SpiGetUpdater.checkAutoUpdate(SpiGetUpdater.java:27) ~[LobbyAPI.jar:?]
	at me.zombie_striker.lobbyapi.Main.onEnable(Main.java:242) ~[LobbyAPI.jar:?]
	at org.bukkit.plugin.java.JavaPlugin.setEnabled(JavaPlugin.java:264) ~[paper-api-1.18.2-R0.1-SNAPSHOT.jar:?]
	at org.bukkit.plugin.java.JavaPluginLoader.enablePlugin(JavaPluginLoader.java:370) ~[paper-api-1.18.2-R0.1-SNAPSHOT.jar:?]
	at org.bukkit.plugin.SimplePluginManager.enablePlugin(SimplePluginManager.java:501) ~[paper-api-1.18.2-R0.1-SNAPSHOT.jar:?]
	at org.bukkit.craftbukkit.v1_18_R2.CraftServer.enablePlugin(CraftServer.java:559) ~[paper-1.18.2.jar:git-Paper-252]
	at org.bukkit.craftbukkit.v1_18_R2.CraftServer.enablePlugins(CraftServer.java:473) ~[paper-1.18.2.jar:git-Paper-252]
	at net.minecraft.server.MinecraftServer.loadWorld0(MinecraftServer.java:664) ~[paper-1.18.2.jar:git-Paper-252]
	at net.minecraft.server.MinecraftServer.loadLevel(MinecraftServer.java:431) ~[paper-1.18.2.jar:git-Paper-252]
	at net.minecraft.server.dedicated.DedicatedServer.initServer(DedicatedServer.java:316) ~[paper-1.18.2.jar:git-Paper-252]
	at net.minecraft.server.MinecraftServer.runServer(MinecraftServer.java:1163) ~[paper-1.18.2.jar:git-Paper-252]
	at net.minecraft.server.MinecraftServer.lambda$spin$0(MinecraftServer.java:315) ~[paper-1.18.2.jar:git-Paper-252]
	at java.lang.Thread.run(Thread.java:833) ~[?:?]
Caused by: java.lang.ClassNotFoundException: org.bukkit.craftbukkit.libs.org.apache.commons.io.IOUtils
	at org.bukkit.plugin.java.PluginClassLoader.loadClass0(PluginClassLoader.java:151) ~[paper-api-1.18.2-R0.1-SNAPSHOT.jar:?]
	at org.bukkit.plugin.java.PluginClassLoader.loadClass(PluginClassLoader.java:103) ~[paper-api-1.18.2-R0.1-SNAPSHOT.jar:?]
	at java.lang.ClassLoader.loadClass(ClassLoader.java:520) ~[?:?]
	... 15 more
[20:54:26] [Server thread/INFO]: [LobbyAPI] Disabling LobbyAPI v3.7.104
[20:54:26] [Server thread/INFO]: [ViaVersion] Enabling ViaVersion v4.2.1
[20:54:26] [Server thread/INFO]: [Essentials] Enabling Essentials v2.19.4-dev+3-997fb18
[20:54:28] [Server thread/INFO]: [Essentials] Attempting to convert old kits in config.yml to new kits.yml
[20:54:28] [Server thread/INFO]: [Essentials] No kits found to migrate.
[20:54:29] [Server thread/INFO]: [Essentials] Loaded 36926 items from items.json.
[20:54:29] [Server thread/INFO]: [Essentials] Using locale en_MY
[20:54:30] [Server thread/INFO]: [Essentials] ServerListPingEvent: Spigot iterator API
[20:54:30] [Server thread/INFO]: [Essentials] Starting Metrics. Opt-out using the global bStats config.
[20:54:30] [Server thread/INFO]: [Essentials] Using superperms-based permissions.
[20:54:30] [Server thread/INFO]: [ViaBackwards] Enabling ViaBackwards v4.2.0
[20:54:30] [Server thread/INFO]: [EssentialsGeoIP] Enabling EssentialsGeoIP v2.19.4-dev+3-997fb18
[20:54:31] [Server thread/INFO]: [EssentialsGeoIP] This product includes GeoLite2 data created by MaxMind, available from http://www.maxmind.com/.
[20:54:31] [Server thread/INFO]: [EssentialsGeoIP] Starting Metrics. Opt-out using the global bStats config.
[20:54:31] [Server thread/INFO]: [Multiverse-Core] Enabling Multiverse-Core v4.3.1-b861
[20:54:31] [Server thread/WARN]: [Multiverse-Core] "Multiverse-Core v4.3.1-b861" has registered a listener for org.bukkit.event.entity.EntityCreatePortalEvent on method "public void com.onarandombox.MultiverseCore.listeners.MVPortalListener.entityPortalCreate(org.bukkit.event.entity.EntityCreatePortalEvent)", but the event is Deprecated. "Server performance will be affected"; please notify the authors [dumptruckman, Rigby, fernferret, lithium3141, main--].
[20:54:31] [Server thread/INFO]: [Multiverse-Core] §aWe are aware of the warning about the deprecated event. There is no alternative that allows us to do what we need to do and performance impact is negligible. It is safe to ignore.
[20:54:31] [Server thread/INFO]: Preparing start region for dimension minecraft:flat
[20:54:32] [Server thread/INFO]: Time elapsed: 544 ms
[20:54:32] [Server thread/INFO]: [Multiverse-Core] 4 - World(s) loaded.
[20:54:32] [Server thread/INFO]: [Multiverse-Core] Version 4.3.1-b861 (API v24) Enabled - By dumptruckman, Rigby, fernferret, lithium3141 and main--
[20:54:32] [Server thread/INFO]: [MiniMOTD] Enabling MiniMOTD v2.0.5
[20:54:35] [Server thread/INFO]: [SkinsRestorer] Enabling SkinsRestorer v14.1.13
[20:54:35] [Server thread/INFO]: [SkinsRestorer] Detected Minecraft v1_18_R2, using MappingSpigotSkinRefresher.
[20:54:36] [Server thread/INFO]: [SkinsRestorer] [ACF] Enabled Asynchronous Tab Completion Support!
[20:54:41] [Server thread/INFO]: [Geyser-Spigot] Enabling Geyser-Spigot v2.0.2-SNAPSHOT
[20:54:42] [Server thread/INFO]: [Geyser-Spigot] ******************************************
[20:54:42] [Server thread/INFO]: [Geyser-Spigot] 
[20:54:42] [Server thread/INFO]: [Geyser-Spigot] Loading Geyser version 2.0.2-SNAPSHOT (git-master-a1bb434)
[20:54:42] [Server thread/INFO]: [Geyser-Spigot] 
[20:54:42] [Server thread/INFO]: [Geyser-Spigot] ******************************************
[20:54:50] [Network Listener - #1/INFO]: [Geyser-Spigot] Started Geyser on 127.0.0.1:25565
[20:54:50] [Server thread/INFO]: [Geyser-Spigot] Done (7.95s)! Run /geyser help for help!
[20:54:51] [Server thread/INFO]: Running delayed init tasks
[20:54:51] [Server thread/INFO]: [ViaVersion] ViaVersion detected server version: 1.18.2 (758)
[20:54:51] [Craft Scheduler Thread - 6 - Essentials/INFO]: [Essentials] §6Fetching version information...
[20:54:51] [Server thread/INFO]: [ViaVersion] Finished mapping loading, shutting down loader executor!
[20:54:51] [Server thread/INFO]: Done (49.392s)! For help, type "help"
[20:54:51] [User Authenticator #1/INFO]: UUID of player Winter_Ryan is e0a51fbd-a3c6-3305-9f77-7e9ba58de1a0
[20:54:51] [Server thread/INFO]: Timings Reset
[20:54:51] [Craft Scheduler Thread - 8 - SkinsRestorer/INFO]: [SkinsRestorer] ----------------------------------------------
[20:54:51] [Craft Scheduler Thread - 8 - SkinsRestorer/INFO]: [SkinsRestorer]     +==================+
[20:54:51] [Craft Scheduler Thread - 8 - SkinsRestorer/INFO]: [SkinsRestorer]     |   SkinsRestorer  |
[20:54:51] [Craft Scheduler Thread - 8 - SkinsRestorer/INFO]: [SkinsRestorer]     |------------------|
[20:54:51] [Craft Scheduler Thread - 8 - SkinsRestorer/INFO]: [SkinsRestorer]     |  Standalone Mode |
[20:54:51] [Craft Scheduler Thread - 8 - SkinsRestorer/INFO]: [SkinsRestorer]     +==================+
[20:54:51] [Craft Scheduler Thread - 8 - SkinsRestorer/INFO]: [SkinsRestorer] ----------------------------------------------
[20:54:51] [Craft Scheduler Thread - 8 - SkinsRestorer/INFO]: [SkinsRestorer]     Current version: 14.1.13
[20:54:51] [Craft Scheduler Thread - 8 - SkinsRestorer/INFO]: [SkinsRestorer]     This is the latest version!
[20:54:51] [Craft Scheduler Thread - 8 - SkinsRestorer/INFO]: [SkinsRestorer] ----------------------------------------------
[20:54:51] [Craft Scheduler Thread - 7 - MiniMOTD/INFO]: [MiniMOTD] There is an update available for MiniMOTD!
[20:54:51] [Craft Scheduler Thread - 7 - MiniMOTD/INFO]: [MiniMOTD] This server is running version v2.0.5, which is 1 versions outdated.
[20:54:51] [Craft Scheduler Thread - 7 - MiniMOTD/INFO]: [MiniMOTD] Download the latest version, v2.0.6 from GitHub at the link below:
[20:54:51] [Craft Scheduler Thread - 7 - MiniMOTD/INFO]: [MiniMOTD] https://github.com/jpenilla/MiniMOTD/releases/tag/v2.0.6
[20:54:51] [Craft Scheduler Thread - 6 - Essentials/WARN]: [Essentials] §4You're §c5 §4EssentialsX dev build(s) out of date!
[20:54:51] [Craft Scheduler Thread - 6 - Essentials/WARN]: [Essentials] §4Download it here:§c https://essentialsx.net/downloads.html
[20:54:52] [Server thread/WARN]: UUID of added entity already exists: EntityChicken['Chicken'/5, uuid='7efcbf29-98b0-415c-aa0a-537782c352db', l='ServerLevel[world]', x=-206.21, y=64.00, z=82.13, cpos=[-13, 5], tl=250717, v=false]
[20:54:53] [Server thread/WARN]: UUID of added entity already exists: EntitySkeleton['Skeleton'/95, uuid='a14ac95b-cb7b-4fbc-b6be-915572632a27', l='ServerLevel[world]', x=-74.43, y=82.00, z=21.76, cpos=[-5, 1], tl=7012, v=false]
[20:54:54] [Server thread/WARN]: UUID of added entity already exists: EntitySheep['Sheep'/132, uuid='b7197692-fad1-49c3-b4fd-a7f9e8d7a606', l='ServerLevel[world]', x=-49.38, y=65.00, z=198.49, cpos=[-4, 12], tl=102141, v=false]
[20:54:54] [Server thread/WARN]: UUID of added entity already exists: EntityEnderman['Enderman'/145, uuid='dd16f40a-2e0c-449c-ad88-806e71936196', l='ServerLevel[world]', x=-36.88, y=20.00, z=89.49, cpos=[-3, 5], tl=72448, v=false]
[20:54:54] [Server thread/WARN]: UUID of added entity already exists: EntitySheep['Sheep'/150, uuid='b7197692-fad1-49c3-b4fd-a7f9e8d7a606', l='ServerLevel[world]', x=-35.36, y=68.00, z=191.67, cpos=[-3, 11], tl=120140, v=false]
[20:54:54] [Server thread/WARN]: UUID of added entity already exists: EntitySheep['Sheep'/151, uuid='b7197692-fad1-49c3-b4fd-a7f9e8d7a606', l='ServerLevel[world]', x=-40.52, y=68.00, z=202.02, cpos=[-3, 12], tl=132141, v=false]
[20:54:54] [Server thread/INFO]: Winter_Ryan joined the game
[20:54:54] [Server thread/INFO]: Winter_Ryan[/127.223.247.2:4990] logged in with entity id 1 at ([world]23.882728296055525, 64.0, 2.699999988079071)
[20:54:56] [Server thread/WARN]: UUID of added entity already exists: EntitySheep['Sheep'/212, uuid='e541b9fe-10ac-45b9-82b0-f9c4f178be69', l='ServerLevel[flat]', x=-82.77, y=-60.00, z=-42.27, cpos=[-6, -3], tl=112571, v=false]
[20:54:56] [Server thread/WARN]: UUID of added entity already exists: EntitySheep['Sheep'/213, uuid='e541b9fe-10ac-45b9-82b0-f9c4f178be69', l='ServerLevel[flat]', x=-81.73, y=-60.00, z=-31.22, cpos=[-6, -2], tl=88572, v=false]
[20:54:57] [Server thread/WARN]: UUID of added entity already exists: EntitySheep['Sheep'/240, uuid='ded724d5-09de-4fea-a14d-c07bcd5bea5c', l='ServerLevel[world]', x=77.58, y=83.00, z=224.42, cpos=[4, 14], tl=3042710, v=false]
[20:54:57] [Server thread/WARN]: UUID of added entity already exists: EntitySheep['Sheep'/235, uuid='4cfa30d3-cf61-4be5-b1f6-d054b31d0074', l='ServerLevel[flat]', x=-19.28, y=-60.00, z=7.17, cpos=[-2, 0], tl=160172, v=false]
[20:54:57] [Server thread/WARN]: UUID of added entity already exists: EntitySheep['Sheep'/267, uuid='ded724d5-09de-4fea-a14d-c07bcd5bea5c', l='ServerLevel[world]', x=88.82, y=77.00, z=207.82, cpos=[5, 12], tl=3078708, v=false]
[20:54:57] [Server thread/WARN]: UUID of added entity already exists: EntitySheep['Sheep'/246, uuid='5aafc78e-9f69-43dc-bfe3-18b0eaf25ce2', l='ServerLevel[flat]', x=-14.13, y=-60.00, z=79.13, cpos=[-1, 4], tl=124164, v=false]
[20:54:57] [Server thread/WARN]: UUID of added entity already exists: EntitySheep['Sheep'/264, uuid='92963451-8a83-495f-9efa-71a2eba4defb', l='ServerLevel[flat]', x=1.51, y=-60.00, z=19.59, cpos=[0, 1], tl=94169, v=false]
[20:54:57] [Server thread/WARN]: UUID of added entity already exists: EntitySheep['Sheep'/265, uuid='5aafc78e-9f69-43dc-bfe3-18b0eaf25ce2', l='ServerLevel[flat]', x=10.45, y=-60.00, z=62.34, cpos=[0, 3], tl=88162, v=false]
[20:55:00] [Server thread/WARN]: Can't keep up! Is the server overloaded? Running 5057ms or 101 ticks behind
[20:55:03] [Server thread/INFO]: Winter_Ryan issued server command: /gamemode creative
[20:55:05] [Server thread/INFO]: Winter_Ryan issued server command: /gamemode spectator
[20:55:24] [Server thread/INFO]: Winter_Ryan issued server command: /effect give Winter_Ryan minecraft:night_vision 999999 99
[20:55:24] [Server thread/INFO]: [Winter_Ryan: Applied effect Night Vision to Winter_Ryan]
[20:55:25] [Server thread/WARN]: UUID of added entity already exists: EntityPig['Pig'/543, uuid='d076d96c-bc65-43ba-aebc-8c9f294e590d', l='ServerLevel[world]', x=-212.80, y=67.00, z=106.79, cpos=[-14, 6], tl=165396, v=false]
[20:55:25] [Server thread/WARN]: UUID of added entity already exists: EntityChicken['Chicken'/544, uuid='69deaaeb-306b-4a63-8f9b-8fbc7e50fb7f', l='ServerLevel[world]', x=-211.67, y=68.00, z=108.49, cpos=[-14, 6], tl=672624, v=false]
[20:55:25] [Server thread/WARN]: UUID of added entity already exists: EntitySheep['Sheep'/545, uuid='8e8a253c-2b9f-4377-bda2-46c4c13562b6', l='ServerLevel[world]', x=-213.62, y=70.00, z=154.11, cpos=[-14, 9], tl=942512, v=false]
[20:55:31] [Server thread/WARN]: UUID of added entity already exists: EntityChicken['Chicken'/549, uuid='53177640-5c7d-4f0f-a207-0c9f5fc46b75', l='ServerLevel[world]', x=-229.91, y=64.00, z=69.18, cpos=[-15, 4], tl=304491, v=false]
[20:55:35] [Server thread/INFO]: Winter_Ryan issued server command: /gamemode survival
[20:55:38] [Server thread/INFO]: Winter_Ryan issued server command: /gamemode creative
[20:56:02] [Server thread/INFO]: Winter_Ryan issued server command: /gamemode survival
[20:56:06] [Server thread/INFO]: Unknown command. Type "/help" for help.
[20:56:35] [Server thread/WARN]: Can't keep up! Is the server overloaded? Running 5190ms or 103 ticks behind
[20:56:39] [Server thread/INFO]: Winter_Ryan issued server command: /gamemode creative
[20:56:49] [User Authenticator #2/INFO]: UUID of player AnVius0623 is 2976f123-be02-3a4c-9d79-e9deff20a447
[20:56:52] [User Authenticator #2/INFO]: UUID of player AnVius0623 is 2976f123-be02-3a4c-9d79-e9deff20a447
[20:56:54] [Server thread/INFO]: com.mojang.authlib.GameProfile@14774b1b[id=2976f123-be02-3a4c-9d79-e9deff20a447,name=AnVius0623,properties={},legacy=false] (/127.0.0.1:6009) lost connection: Disconnected
[20:56:58] [Server thread/WARN]: Winter_Ryan moved too quickly! 9.305097078266868,0.6308882046016322,-10.393468749651671
[20:56:59] [Server thread/INFO]: AnVius0623 joined the game
[20:56:59] [Server thread/INFO]: AnVius0623[/127.0.0.1:6027] logged in with entity id 723 at ([world]-78.92213353577397, 61.875, 32.00597293845596)
[20:57:24] [Server thread/INFO]: Winter_Ryan issued server command: /gamemode survival
[20:57:25] [Server thread/WARN]: Can't keep up! Is the server overloaded? Running 20657ms or 413 ticks behind
[20:57:58] [Server thread/INFO]: AnVius0623 issued server command: /mv tp Winter_Ryan SpongeBob
[20:58:21] [Server thread/INFO]: Winter_Ryan issued server command: /tp AnVius0623
[20:58:29] [Server thread/INFO]: AnVius0623 issued server command: /mvtp AnVius0623 SpongeBob
[20:59:16] [Server thread/INFO]: AnVius0623 was slain by Winter_Ryan
[20:59:38] [Server thread/INFO]: AnVius0623 issued server command: /gamemode creative
[20:59:40] [Server thread/INFO]: AnVius0623 issued server command: /gamemode spectator
[20:59:41] [Server thread/INFO]: AnVius0623 issued server command: /gamemode creative
[20:59:52] [Server thread/WARN]: Can't keep up! Is the server overloaded? Running 5106ms or 102 ticks behind
[20:59:57] [Server thread/INFO]: Winter_Ryan issued server command: /gamemode creative
[20:59:58] [Server thread/WARN]: UUID of added entity already exists: EntityStrider['Strider'/1326, uuid='ca5aca55-2196-43ab-a326-5e93ca8ebdb2', l='ServerLevel[world_nether]', x=-112.51, y=31.50, z=-80.43, cpos=[-8, -6], tl=72118, v=false]
[21:00:08] [Server thread/INFO]: Winter_Ryan issued server command: /gamemode survival
[21:00:14] [Server thread/INFO]: AnVius0623 issued server command: /fill -11 67 4
[21:00:17] [Server thread/INFO]: AnVius0623 issued server command: /speed 10
[21:00:34] [Server thread/WARN]: Can't keep up! Is the server overloaded? Running 8969ms or 179 ticks behind
[21:00:34] [Server thread/WARN]: Winter_Ryan moved too quickly! -4.978531773882189,0.49779839786068436,8.736804356538173
[21:00:38] [Server thread/INFO]: AnVius0623 issued server command: /gamemode creative
[21:00:42] [Server thread/INFO]: AnVius0623 issued server command: /gamemode survival
[21:00:44] [Server thread/INFO]: AnVius0623 issued server command: /gamemode adventure
[21:00:45] [Server thread/INFO]: AnVius0623 issued server command: /gamemode survival
[21:01:47] [Server thread/INFO]: AnVius0623 issued server command: /gamemode adventure
[21:01:49] [Server thread/INFO]: AnVius0623 issued server command: /gamemode creative
[21:02:06] [Server thread/INFO]: AnVius0623 issued server command: /fill -11 67 4 -851 67 4 blue_ice
[21:02:06] [Server thread/INFO]: [AnVius0623: Successfully filled 841 blocks]
[21:03:02] [Server thread/INFO]: Winter_Ryan issued server command: /gamemode creative
[21:03:05] [Server thread/INFO]: Winter_Ryan issued server command: /gamemode spectator
[21:03:07] [Server thread/INFO]: AnVius0623 issued server command: /fill -11 67 4 -851 67 3 blue_ice
[21:03:07] [Server thread/INFO]: [AnVius0623: Successfully filled 841 blocks]
[21:03:08] [Server thread/INFO]: Winter_Ryan issued server command: /gamemode creative
[21:03:14] [Server thread/INFO]: AnVius0623 issued server command: /speed 1
[21:03:46] [Server thread/INFO]: Winter_Ryan issued server command: /gamemode survival
[21:03:50] [Server thread/INFO]: AnVius0623 issued server command: /gamemode adventure
[21:03:51] [Server thread/INFO]: AnVius0623 issued server command: /gamemode creative
[21:04:17] [Server thread/INFO]: Winter_Ryan issued server command: /gamemode creative
[21:04:28] [Server thread/INFO]: Winter_Ryan issued server command: /gamemode survival
[21:04:32] [Server thread/INFO]: Winter_Ryan issued server command: /gamemode creative
[21:05:52] [Server thread/INFO]: Winter_Ryan has made the advancement [Take Aim]
[21:05:53] [Server thread/INFO]: Winter_Ryan has completed the challenge [Uneasy Alliance]
[21:06:25] [Server thread/INFO]: Winter_Ryan issued server command: /gamemode survival
[21:06:28] [Server thread/INFO]: Winter_Ryan issued server command: /gamemode creative
[21:06:37] [Server thread/INFO]: Winter_Ryan issued server command: /gamemode survival
[21:06:50] [Server thread/INFO]: Winter_Ryan has completed the challenge [Return to Sender]
[21:07:34] [Server thread/INFO]: AnVius0623 issued server command: /fill -65 68 2
[21:07:38] [Server thread/INFO]: Winter_Ryan issued server command: /gamemode creative
[21:08:18] [Server thread/INFO]: Winter_Ryan issued server command: /gamemode survival
[21:08:21] [Server thread/INFO]: Winter_Ryan issued server command: /gamemode creative
[21:08:28] [Server thread/INFO]: Winter_Ryan issued server command: /gamemode survival
[21:08:48] [Server thread/INFO]: Winter_Ryan issued server command: /gamemode creative
[21:09:10] [Server thread/INFO]: AnVius0623 issued server command: /fill -65 68 2 -234 68 2 obsidian
[21:09:10] [Server thread/INFO]: [AnVius0623: Successfully filled 168 blocks]
[21:11:05] [Server thread/INFO]: Winter_Ryan issued server command: /gamemode creative
[21:11:13] [Server thread/INFO]: AnVius0623 issued server command: /summon boat
[21:11:13] [Server thread/INFO]: [AnVius0623: Summoned new Boat]
[21:11:34] [Server thread/INFO]: Winter_Ryan issued server command: /gamemode survival
[21:12:30] [Server thread/INFO]: AnVius0623 issued server command: /minecraft:kill @e[type=zombie
[21:12:36] [Server thread/INFO]: AnVius0623 issued server command: /minecraft:kill @e[type=zombie]
[21:12:36] [Server thread/INFO]: [AnVius0623: Killed 55 entities]
[21:13:11] [Server thread/INFO]: Winter_Ryan issued server command: /effect give Winter_Ryan minecraft:speed 999999 100
[21:13:11] [Server thread/INFO]: [Winter_Ryan: Applied effect Speed to Winter_Ryan]
[21:13:26] [Server thread/INFO]: AnVius0623 issued server command: /summon boat
[21:13:26] [Server thread/INFO]: [AnVius0623: Summoned new Boat]
[21:13:32] [Server thread/INFO]: Winter_Ryan issued server command: /gamemode creative
[21:13:40] [Server thread/INFO]: Winter_Ryan issued server command: /gamemode survival
[21:14:31] [Server thread/WARN]: Winter_Ryan moved wrongly!
[21:14:38] [Server thread/INFO]: Winter_Ryan issued server command: /gamemode creative
[21:14:39] [Server thread/INFO]: AnVius0623 issued server command: /tps
[21:14:43] [Server thread/INFO]: Winter_Ryan issued server command: /gamemode survival
[21:14:45] [Server thread/INFO]: AnVius0623 issued server command: /gamemode adventure
[21:14:46] [Server thread/INFO]: AnVius0623 issued server command: /gamemode survival
[21:14:51] [Server thread/INFO]: AnVius0623 issued server command: /summon boat
[21:14:51] [Server thread/INFO]: [AnVius0623: Summoned new Boat]
[21:16:11] [Server thread/WARN]: Boat (vehicle of AnVius0623) moved wrongly! 1.063230517328975
[21:16:18] [Server thread/INFO]: Winter_Ryan issued server command: /gamemode creative
[21:16:21] [Server thread/INFO]: AnVius0623 issued server command: /gamemode adventure
[21:16:23] [Server thread/INFO]: AnVius0623 issued server command: /gamemode spectator
[21:16:25] [Server thread/INFO]: AnVius0623 issued server command: /gamemode adventure
[21:16:26] [Server thread/INFO]: Winter_Ryan issued server command: /gamemode survival
[21:16:46] [Server thread/INFO]: Winter_Ryan issued server command: /tp AnVius0623
[21:16:53] [Server thread/INFO]: Winter_Ryan issued server command: /gamemode creative
[21:17:00] [Server thread/INFO]: Winter_Ryan issued server command: /gamemode survival
[21:17:58] [Server thread/WARN]: Winter_Ryan moved wrongly!
[21:18:04] [Server thread/INFO]: AnVius0623 issued server command: /gamemode survival
[21:18:20] [Server thread/INFO]: Winter_Ryan issued server command: /effect give Winter_Ryan minecraft:speed 110
[21:18:31] [Server thread/INFO]: Winter_Ryan issued server command: /gamemode creative
[21:18:38] [Server thread/INFO]: Winter_Ryan issued server command: /gamemode survival
[21:18:42] [Server thread/WARN]: Boat (vehicle of AnVius0623) moved wrongly! 0.2708589748901744
[21:19:05] [Server thread/WARN]: Boat (vehicle of AnVius0623) moved wrongly! 0.4783797903692175
[21:19:05] [Server thread/WARN]: Boat (vehicle of AnVius0623) moved wrongly! 0.473709447825172
[21:19:05] [Server thread/WARN]: Boat (vehicle of AnVius0623) moved wrongly! 0.4682950661358518
[21:19:05] [Server thread/WARN]: Boat (vehicle of AnVius0623) moved wrongly! 0.887318405770543
[21:19:05] [Server thread/WARN]: Boat (vehicle of AnVius0623) moved wrongly! 1.0001690826782124
[21:19:19] [Server thread/WARN]: Boat (vehicle of AnVius0623) moved wrongly! 0.7755265393460604
[21:19:19] [Server thread/WARN]: Boat (vehicle of AnVius0623) moved wrongly! 0.8027502987167736
[21:19:19] [Server thread/WARN]: Boat (vehicle of AnVius0623) moved wrongly! 0.5501088189591883
[21:19:42] [Server thread/WARN]: Winter_Ryan moved wrongly!
[21:19:42] [Server thread/WARN]: Winter_Ryan moved wrongly!
[21:19:44] [Server thread/WARN]: Winter_Ryan moved wrongly!
[21:19:44] [Server thread/WARN]: Winter_Ryan moved wrongly!
[21:19:46] [Server thread/INFO]: AnVius0623 was slain by Winter_Ryan
[21:19:51] [Server thread/INFO]: Winter_Ryan issued server command: /gamemode creative
[21:19:55] [Server thread/INFO]: AnVius0623 issued server command: /gamemode spectator
[21:19:56] [Server thread/INFO]: AnVius0623 issued server command: /gamemode creative
[21:19:57] [Server thread/INFO]: Winter_Ryan issued server command: /gamemode survival
[21:20:05] [Server thread/INFO]: Winter_Ryan issued server command: /gamemode creative
[21:20:40] [Server thread/INFO]: AnVius0623 issued server command: /heal
[21:20:49] [Server thread/INFO]: AnVius0623 issued server command: /tele Winter_Ryan
[21:21:11] [Server thread/WARN]: Winter_Ryan moved wrongly!
[21:21:29] [Server thread/INFO]: AnVius0623 issued server command: /tpaall
[21:21:33] [Server thread/INFO]: AnVius0623 issued server command: /heal
[21:21:46] [Server thread/INFO]: Winter_Ryan issued server command: /tpaccept
[21:21:57] [Server thread/INFO]: AnVius0623 issued server command: /tpa
[21:22:02] [Server thread/INFO]: Winter_Ryan lost connection: Disconnected
[21:22:02] [Server thread/INFO]: Winter_Ryan left the game
[21:22:17] [Server thread/INFO]: AnVius0623 issued server command: /gamemode creative
[21:22:18] [Server thread/INFO]: AnVius0623 issued server command: /gamemode survival
[21:22:19] [Server thread/INFO]: AnVius0623 issued server command: /gamemode creative
[21:22:43] [Server thread/INFO]: AnVius0623 lost connection: Disconnected
[21:22:43] [Server thread/INFO]: AnVius0623 left the game
[21:22:50] [Server thread/INFO]: Unknown command. Type "/help" for help.
